<?xml version="1.0" encoding="UTF-8"?>
<!-- Generated by org.testng.reporters.JUnitReportReporter -->
<testsuite hostname="DESKTOP-AJVRL3K" failures="0" tests="1" name="Test.LandingPageTest" time="0.032" errors="0" timestamp="2024-05-24T13:01:16 IST" skipped="0">
  <testcase classname="Test.LandingPageTest" name="validateCurrentUrl" time="0.032"/>
</testsuite> <!-- Test.LandingPageTest -->
